<?xml version="1.0" encoding="UTF-8"?>
<testsuite xmlns:xsi="http://www.w3.org/2001/XMLSchema-instance" xsi:noNamespaceSchemaLocation="https://maven.apache.org/surefire/maven-surefire-plugin/xsd/surefire-test-report.xsd" name="ing.PrincipalTest" time="0.522" tests="13" errors="0" skipped="0" failures="0">
  <properties>
    <property name="java.specification.version" value="16"/>
    <property name="sun.cpu.isalist" value="amd64"/>
    <property name="sun.jnu.encoding" value="Cp1252"/>
    <property name="java.class.path" value="D:\Insync\UTEC\07 - 2021-2\Ingeniería de Software I\S14\practica-calificada-2-jneirar\practica-calificada-2-jneirar\target\test-classes;D:\Insync\UTEC\07 - 2021-2\Ingeniería de Software I\S14\practica-calificada-2-jneirar\practica-calificada-2-jneirar\target\classes;C:\Users\Jorge\.m2\repository\org\apache\logging\log4j\log4j-api\2.13.3\log4j-api-2.13.3.jar;C:\Users\Jorge\.m2\repository\org\testng\testng\7.3.0\testng-7.3.0.jar;C:\Users\Jorge\.m2\repository\com\beust\jcommander\1.78\jcommander-1.78.jar;C:\Users\Jorge\.m2\repository\org\apache\ant\ant\1.10.3\ant-1.10.3.jar;C:\Users\Jorge\.m2\repository\org\apache\ant\ant-launcher\1.10.3\ant-launcher-1.10.3.jar;C:\Users\Jorge\.m2\repository\com\google\inject\guice\4.2.2\guice-4.2.2-no_aop.jar;C:\Users\Jorge\.m2\repository\javax\inject\javax.inject\1\javax.inject-1.jar;C:\Users\Jorge\.m2\repository\aopalliance\aopalliance\1.0\aopalliance-1.0.jar;C:\Users\Jorge\.m2\repository\com\google\guava\guava\25.1-android\guava-25.1-android.jar;C:\Users\Jorge\.m2\repository\com\google\code\findbugs\jsr305\3.0.2\jsr305-3.0.2.jar;C:\Users\Jorge\.m2\repository\org\checkerframework\checker-compat-qual\2.0.0\checker-compat-qual-2.0.0.jar;C:\Users\Jorge\.m2\repository\com\google\errorprone\error_prone_annotations\2.1.3\error_prone_annotations-2.1.3.jar;C:\Users\Jorge\.m2\repository\com\google\j2objc\j2objc-annotations\1.1\j2objc-annotations-1.1.jar;C:\Users\Jorge\.m2\repository\org\codehaus\mojo\animal-sniffer-annotations\1.14\animal-sniffer-annotations-1.14.jar;C:\Users\Jorge\.m2\repository\org\yaml\snakeyaml\1.21\snakeyaml-1.21.jar;C:\Users\Jorge\.m2\repository\junit\junit\4.13.2\junit-4.13.2.jar;C:\Users\Jorge\.m2\repository\org\hamcrest\hamcrest-core\1.3\hamcrest-core-1.3.jar;"/>
    <property name="java.vm.vendor" value="Oracle Corporation"/>
    <property name="sun.arch.data.model" value="64"/>
    <property name="user.variant" value=""/>
    <property name="java.vendor.url" value="https://java.oracle.com/"/>
    <property name="user.timezone" value="America/Lima"/>
    <property name="os.name" value="Windows 10"/>
    <property name="java.vm.specification.version" value="16"/>
    <property name="sun.java.launcher" value="SUN_STANDARD"/>
    <property name="user.country" value="PE"/>
    <property name="sun.boot.library.path" value="C:\Program Files\Java\jdk-16\bin"/>
    <property name="sun.java.command" value="C:\Users\Jorge\AppData\Local\Temp\surefire83088507974610217\surefirebooter6293818159201906907.jar C:\Users\Jorge\AppData\Local\Temp\surefire83088507974610217 2021-12-09T20-24-10_583-jvmRun1 surefire6282092517116080950tmp surefire_08473711794653707027tmp"/>
    <property name="jdk.debug" value="release"/>
    <property name="surefire.test.class.path" value="D:\Insync\UTEC\07 - 2021-2\Ingeniería de Software I\S14\practica-calificada-2-jneirar\practica-calificada-2-jneirar\target\test-classes;D:\Insync\UTEC\07 - 2021-2\Ingeniería de Software I\S14\practica-calificada-2-jneirar\practica-calificada-2-jneirar\target\classes;C:\Users\Jorge\.m2\repository\org\apache\logging\log4j\log4j-api\2.13.3\log4j-api-2.13.3.jar;C:\Users\Jorge\.m2\repository\org\testng\testng\7.3.0\testng-7.3.0.jar;C:\Users\Jorge\.m2\repository\com\beust\jcommander\1.78\jcommander-1.78.jar;C:\Users\Jorge\.m2\repository\org\apache\ant\ant\1.10.3\ant-1.10.3.jar;C:\Users\Jorge\.m2\repository\org\apache\ant\ant-launcher\1.10.3\ant-launcher-1.10.3.jar;C:\Users\Jorge\.m2\repository\com\google\inject\guice\4.2.2\guice-4.2.2-no_aop.jar;C:\Users\Jorge\.m2\repository\javax\inject\javax.inject\1\javax.inject-1.jar;C:\Users\Jorge\.m2\repository\aopalliance\aopalliance\1.0\aopalliance-1.0.jar;C:\Users\Jorge\.m2\repository\com\google\guava\guava\25.1-android\guava-25.1-android.jar;C:\Users\Jorge\.m2\repository\com\google\code\findbugs\jsr305\3.0.2\jsr305-3.0.2.jar;C:\Users\Jorge\.m2\repository\org\checkerframework\checker-compat-qual\2.0.0\checker-compat-qual-2.0.0.jar;C:\Users\Jorge\.m2\repository\com\google\errorprone\error_prone_annotations\2.1.3\error_prone_annotations-2.1.3.jar;C:\Users\Jorge\.m2\repository\com\google\j2objc\j2objc-annotations\1.1\j2objc-annotations-1.1.jar;C:\Users\Jorge\.m2\repository\org\codehaus\mojo\animal-sniffer-annotations\1.14\animal-sniffer-annotations-1.14.jar;C:\Users\Jorge\.m2\repository\org\yaml\snakeyaml\1.21\snakeyaml-1.21.jar;C:\Users\Jorge\.m2\repository\junit\junit\4.13.2\junit-4.13.2.jar;C:\Users\Jorge\.m2\repository\org\hamcrest\hamcrest-core\1.3\hamcrest-core-1.3.jar;"/>
    <property name="sun.cpu.endian" value="little"/>
    <property name="user.home" value="C:\Users\Jorge"/>
    <property name="user.language" value="es"/>
    <property name="java.specification.vendor" value="Oracle Corporation"/>
    <property name="java.version.date" value="2021-03-16"/>
    <property name="java.home" value="C:\Program Files\Java\jdk-16"/>
    <property name="file.separator" value="\"/>
    <property name="basedir" value="D:\Insync\UTEC\07 - 2021-2\Ingeniería de Software I\S14\practica-calificada-2-jneirar\practica-calificada-2-jneirar"/>
    <property name="java.vm.compressedOopsMode" value="Zero based"/>
    <property name="line.separator" value="&#10;"/>
    <property name="java.vm.specification.vendor" value="Oracle Corporation"/>
    <property name="java.specification.name" value="Java Platform API Specification"/>
    <property name="surefire.real.class.path" value="C:\Users\Jorge\AppData\Local\Temp\surefire83088507974610217\surefirebooter6293818159201906907.jar"/>
    <property name="user.script" value=""/>
    <property name="sun.management.compiler" value="HotSpot 64-Bit Tiered Compilers"/>
    <property name="java.runtime.version" value="16+36-2231"/>
    <property name="user.name" value="Jorge"/>
    <property name="path.separator" value=";"/>
    <property name="os.version" value="10.0"/>
    <property name="java.runtime.name" value="Java(TM) SE Runtime Environment"/>
    <property name="file.encoding" value="Cp1252"/>
    <property name="java.vm.name" value="Java HotSpot(TM) 64-Bit Server VM"/>
    <property name="localRepository" value="C:\Users\Jorge\.m2\repository"/>
    <property name="java.vendor.url.bug" value="https://bugreport.java.com/bugreport/"/>
    <property name="java.io.tmpdir" value="C:\Users\Jorge\AppData\Local\Temp\"/>
    <property name="java.version" value="16"/>
    <property name="user.dir" value="D:\Insync\UTEC\07 - 2021-2\Ingeniería de Software I\S14\practica-calificada-2-jneirar\practica-calificada-2-jneirar"/>
    <property name="os.arch" value="amd64"/>
    <property name="java.vm.specification.name" value="Java Virtual Machine Specification"/>
    <property name="sun.os.patch.level" value=""/>
    <property name="java.library.path" value="C:\Program Files\Java\jdk-16\bin;C:\WINDOWS\Sun\Java\bin;C:\WINDOWS\system32;C:\WINDOWS;C:\Python39\Scripts\;C:\Python39\;C:\Program Files\Common Files\Oracle\Java\javapath;C:\Program Files (x86)\Common Files\Oracle\Java\javapath;C:\Windows\system32;C:\Windows;C:\Windows\System32\Wbem;C:\Windows\System32\WindowsPowerShell\v1.0\;C:\Windows\System32\OpenSSH\;C:\Program Files (x86)\NVIDIA Corporation\PhysX\Common;C:\Program Files\NVIDIA Corporation\NVIDIA NvDLISR;C:\Program Files\Git\cmd;C:\Program Files\dotnet\;C:\Program Files\Microsoft SQL Server\130\Tools\Binn\;C:\Program Files\Microsoft SQL Server\Client SDK\ODBC\170\Tools\Binn\;C:\WINDOWS\system32;C:\WINDOWS;C:\WINDOWS\System32\Wbem;C:\WINDOWS\System32\WindowsPowerShell\v1.0\;C:\WINDOWS\System32\OpenSSH\;C:\Program Files (x86)\Microsoft SQL Server\150\Tools\Binn\;C:\Program Files\Microsoft SQL Server\150\Tools\Binn\;C:\Program Files\Microsoft SQL Server\150\DTS\Binn\;C:\Program Files (x86)\Microsoft SQL Server\150\DTS\Binn\;C:\Program Files\Azure Data Studio\bin;C:\Program Files\nodejs\;C:\ProgramData\chocolatey\bin;C:\Users\Jorge\anaconda3\python.exe;C:\Program Files\MySQL\MySQL Shell 8.0\bin\;C:\cmake-3.20.0-windows-x86_64\bin;C:\MinGW\bin;C:\Users\Jorge\AppData\Local\Programs\Python\Python38-32\Scripts\;C:\Users\Jorge\AppData\Local\Programs\Python\Python38-32\;C:\w64devkit\bin;C:\Users\Jorge\AppData\Local\Microsoft\WindowsApps;C:\Users\Jorge\AppData\Local\Programs\Microsoft VS Code\bin;C:\Program Files\JetBrains\PyCharm 2020.2.1\bin;;C:\Program Files\JetBrains\CLion 2020.2.2\bin;;C:\Program Files\Azure Data Studio\bin;C:\iverilog\bin;C:\iverilog\gtkwave\bin;C:\gtkwave\bin;C:\Program Files\PostgreSQL\13\bin;C:\Program Files\MongoDB\Server\5.0\bin;C:\Users\Jorge\AppData\Roaming\npm;C:\Program Files\JetBrains\IntelliJ IDEA 2021.2.1\bin;;C:\Users\Jorge\.dotnet\tools;C:\Program Files\Java\jdk-16\bin;C:\Program Files\apache-maven-3.8.2\bin;C:\Users\Jorge\AppData\Local\Android\Sdk\platform-tools;;."/>
    <property name="java.vm.info" value="mixed mode, sharing"/>
    <property name="java.vendor" value="Oracle Corporation"/>
    <property name="java.vm.version" value="16+36-2231"/>
    <property name="sun.io.unicode.encoding" value="UnicodeLittle"/>
    <property name="java.class.version" value="60.0"/>
  </properties>
  <testcase name="calculate_average_grade_given_different_exam_grades_and_attending_the_minimum_classes" classname="ing.PrincipalTest" time="0.016"/>
  <testcase name="calculate_same_grade_given_one_single_exam_and_attending_the_minimum_classes" classname="ing.PrincipalTest" time="0"/>
  <testcase name="fail_given_different_exam_grades_but_not_attending_the_minimum_classes" classname="ing.PrincipalTest" time="0"/>
  <testcase name="fail_given_odd_exam_grades_but_attending_the_minimum_classes" classname="ing.PrincipalTest" time="0"/>
  <testcase name="fail_given_one_single_exam_but_not_attending_the_minimum_classes" classname="ing.PrincipalTest" time="0"/>
  <testcase name="fail_given_there_are_no_exams" classname="ing.PrincipalTest" time="0"/>
  <testcase name="fail_when_there_are_no_exams_and_has_not_attended_the_minimum_classes" classname="ing.PrincipalTest" time="0.001"/>
  <testcase name="increase_one_extra_point_if_there_is_any_benevolent_teacher_in_the_year_to_calculate_grades" classname="ing.PrincipalTest" time="0"/>
  <testcase name="maintain_10_as_the_maximum_grade_even_if_increasing_one_extra_point" classname="ing.PrincipalTest" time="0"/>
  <testcase name="not_increase_one_extra_point_if_there_is_not_any_benevolent_teacher_in_the_year_to_calculate_grades" classname="ing.PrincipalTest" time="0.001"/>
  <testcase name="round_up_to_2_decimals_given_odd_exam_grades_and_attending_the_minimum_classes" classname="ing.PrincipalTest" time="0"/>
  <testcase name="validate_all_exam_grades_weight_below_100" classname="ing.PrincipalTest" time="0"/>
  <testcase name="validate_all_exam_grades_weight_over_100" classname="ing.PrincipalTest" time="0"/>
</testsuite>