<?xml version="1.0" encoding="UTF-8"?>
<!-- Generated by org.testng.reporters.JUnitReportReporter -->
<testsuite hostname="LAPTOP-7QKGEBBS" failures="0" tests="1" name="ing.MainTest" time="0.040" errors="0" timestamp="2021-12-09T17:34:04 PET" skipped="0">
  <testcase classname="ing.MainTest" name="mainTest" time="0.040"/>
  <system-out/>
</testsuite> <!-- ing.MainTest -->
